2021-12-06T14:17:38.433821+0000‡Функция:<function findall at 0x7f448717da60>;Шаблон\w;Текст:П;‡views.py‡post‡INFO‡42‡‡
2021-12-06T14:17:38.925113+0000‡Функция:<function findall at 0x7f448717da60>;Шаблон\w;Текст:Прив;‡views.py‡post‡INFO‡42‡‡
2021-12-06T14:17:39.425450+0000‡Функция:<function findall at 0x7f448717da60>;Шаблон\w;Текст:Привет ;‡views.py‡post‡INFO‡42‡‡
2021-12-06T14:17:39.924886+0000‡Функция:<function findall at 0x7f448717da60>;Шаблон\w;Текст:Привет мир;‡views.py‡post‡INFO‡42‡‡
2021-12-06T14:17:54.278951+0000‡Функция:<function findall at 0x7f448717da60>;Шаблон\w+;Текст:Привет мир;‡views.py‡post‡INFO‡42‡‡
2021-12-06T14:18:06.801672+0000‡Функция:findall;Шаблон\w+;Текст:Привет мир;‡views.py‡post‡INFO‡42‡‡
2021-12-06T14:18:40.427334+0000‡Функция:`findall`;Шаблон:`\w+`;Текст:`Привет мир`;‡views.py‡post‡INFO‡42‡‡
2021:12:06:14:22:13‡Функция:`findall`;Шаблон:`\w+`;Текст:`Привет мир`;‡views.py‡post‡INFO‡42‡‡
2021-12-06:14:24:29-+00:00‡Функция:`findall`;Шаблон:`\w+`;Текст:`Привет мир`;‡views.py‡post‡INFO‡42‡‡
2021-12-06:14:28:01-+00:00‡Функция:`findall`;Шаблон:`\w+`;Текст:`Привет мир`;‡views.py‡post‡INFO‡46‡‡
2021-12-06:14:29:14-+00:00‡Функция:`findall`;Шаблон:`\w+`;Текст:`Привет мир`;‡views.py‡post‡INFO‡46‡‡
2021-12-06:14:29:15-+00:00‡Функция:`findall`;Шаблон:`\w+`;Текст:`Привет мир`;‡views.py‡post‡INFO‡46‡‡
2021-12-06:14:29:56-+00:00‡Функция:`findall`;Шаблон:`\w+`;Текст:`Привет мир`;‡views.py‡post‡INFO‡47‡‡
2021-12-06:14:30:16-+00:00!U8/Central‡Функция:`findall`;Шаблон:`\w+`;Текст:`Привет мир`;‡views.py‡post‡INFO‡47‡‡
2021-12-06:14:31:35-+00:00!1urope/12o35cow‡Функция:`findall`;Шаблон:`\w+`;Текст:`Привет мир`;‡views.py‡post‡INFO‡47‡‡
2021-12-06:17:34:08-+03:00!1urope/12o8cow‡Функция:`findall`;Шаблон:`\w+`;Текст:`Привет мир`;‡views.py‡post‡INFO‡47‡‡
2021-12-06:17:36:02-+03:00!1urope/12o2cow‡Функция:`findall`;Шаблон:`\w+`;Текст:`Привет мир`;‡views.py‡post‡INFO‡47‡‡
2021-12-06-17:36:21‡Функция:`findall`;Шаблон:`\w+`;Текст:`Привет мир`;‡views.py‡post‡INFO‡47‡‡
2021-12-06-17:36:22‡Функция:`findall`;Шаблон:`\w+`;Текст:`Привет мир`;‡views.py‡post‡INFO‡47‡‡
2021-12-06-17:36:22‡Функция:`findall`;Шаблон:`\w+`;Текст:`Привет мир`;‡views.py‡post‡INFO‡47‡‡
2021-12-06-17:37:42‡Функция:`findall`;Шаблон:`\w+`;Текст:`Привет мир`;‡views.py‡post‡INFO‡40‡‡
2021-12-06-17:39:05‡Функция:`findall`;Шаблон:`\w+`;Текст:`Привет мир`;‡views.py‡post‡INFO‡40‡‡
2021-12-06-17:39:08‡Функция:`findall`;Шаблон:`\w+`;Текст:`Привет мир`;‡views.py‡post‡INFO‡38‡‡
2021-12-06-17:39:23‡Функция:`findall`;Шаблон:`\w+(Мир)`;Текст:`Привет мир`;‡views.py‡post‡INFO‡38‡‡
2021-12-06-17:44:44‡Функция:`findall`;Шаблон:`\w+(Мир)`;Текст:`Привет мир`;Результат:{'result': False, 'data': ''};‡views.py‡post‡INFO‡58‡‡
2021-12-06-17:44:47‡Функция:`findall`;Шаблон:`\w+(Мир)`;Текст:`Привет мир`;Результат:{'result': False, 'data': ''};‡views.py‡post‡INFO‡58‡‡
2021-12-06-17:44:56‡Функция:`findall`;Шаблон:`\w+Мир`;Текст:`Привет мир`;Результат:{'result': False, 'data': ''};‡views.py‡post‡INFO‡58‡‡
2021-12-06-17:45:01‡Функция:`findall`;Шаблон:`\w+`;Текст:`Привет мир`;Результат:{'result': True, 'data': ['Привет', 'мир']};‡views.py‡post‡INFO‡58‡‡
2021-12-06-17:45:15‡Функция:`findall`;Шаблон:`\w+ \w`;Текст:`Привет мир`;Результат:{'result': True, 'data': ['Привет м']};‡views.py‡post‡INFO‡58‡‡
2021-12-06-17:45:21‡Функция:`findall`;Шаблон:`\w+ \w+`;Текст:`Привет мир`;Результат:{'result': True, 'data': ['Привет мир']};‡views.py‡post‡INFO‡58‡‡
2021-12-06-17:45:30‡Функция:`findall`;Шаблон:`\w+ (\w+)`;Текст:`Привет мир`;Результат:{'result': True, 'data': ['мир']};‡views.py‡post‡INFO‡58‡‡
2021-12-06-17:45:40‡Функция:`findall`;Шаблон:`(\w+) (\w+)`;Текст:`Привет мир`;Результат:{'result': True, 'data': [('Привет', 'мир')]};‡views.py‡post‡INFO‡58‡‡
2021-12-06-17:46:05‡Функция:`findall`;Шаблон:`(\w+) (\w+)`;Текст:`Привет мир`;Результат:{'result': True, 'data': "[('Привет', 'мир')]"};‡views.py‡post‡INFO‡58‡‡
2021-12-06-17:46:13‡Функция:`findall`;Шаблон:`(\w+) \w+`;Текст:`Привет мир`;Результат:{'result': True, 'data': "['Привет']"};‡views.py‡post‡INFO‡58‡‡
2021-12-06-17:49:26‡Функция:`findall`;Шаблон:`(\w+) \w+`;Текст:`Привет мир`;Результат:{'result': True, 'data': "['Привет']"};‡views.py‡post‡INFO‡59‡‡
2021-12-06-17:49:32‡Функция:`findall`;Шаблон:`\w+`;Текст:`Привет мир`;Результат:{'result': True, 'data': "['Привет', 'мир']"};‡views.py‡post‡INFO‡59‡‡
2021-12-06-17:59:29‡Функция:`match`;Шаблон:`asdasd`;Текст:`asdas`;Результат:{'result': False, 'data': ''};‡views.py‡post‡INFO‡59‡‡
2021-12-06-17:59:29‡Функция:`match`;Шаблон:`asdasd`;Текст:`asdas
`;Результат:{'result': False, 'data': ''};‡views.py‡post‡INFO‡59‡‡
2021-12-06-18:02:35‡Функция:`match`;Шаблон:``;Текст:`Пр`;Результат:{'result': False, 'data': ''};‡views.py‡post‡INFO‡59‡‡
2021-12-06-18:02:36‡Функция:`match`;Шаблон:``;Текст:`Привет `;Результат:{'result': False, 'data': ''};‡views.py‡post‡INFO‡59‡‡
2021-12-06-18:02:36‡Функция:`match`;Шаблон:``;Текст:`Привет мир`;Результат:{'result': False, 'data': ''};‡views.py‡post‡INFO‡59‡‡
2021-12-06-18:02:43‡Функция:`match`;Шаблон:`\w`;Текст:`Привет мир`;Результат:{'result': True, 'data': '()'};‡views.py‡post‡INFO‡59‡‡
2021-12-06-18:02:53‡Функция:`match`;Шаблон:`\w+`;Текст:`Привет мир`;Результат:{'result': True, 'data': '()'};‡views.py‡post‡INFO‡59‡‡
2021-12-06-18:03:01‡Функция:`match`;Шаблон:`\w+`;Текст:`Привет мир`;Результат:{'result': True, 'data': '()'};‡views.py‡post‡INFO‡59‡‡
2021-12-06-18:03:21‡Функция:`findall`;Шаблон:`\w+`;Текст:`Привет мир`;Результат:{'result': True, 'data': "['Привет', 'мир']"};‡views.py‡post‡INFO‡59‡‡
2021-12-06-18:03:40‡Функция:`findall`;Шаблон:`(\w+) ( \w)`;Текст:`Привет мир`;Результат:{'result': False, 'data': ''};‡views.py‡post‡INFO‡59‡‡
2021-12-06-18:03:42‡Функция:`findall`;Шаблон:`(\w+) ( \w+)`;Текст:`Привет мир`;Результат:{'result': False, 'data': ''};‡views.py‡post‡INFO‡59‡‡
2021-12-06-18:03:54‡Функция:`findall`;Шаблон:`(\w+) ( \w+)`;Текст:`Привет мир`;Результат:{'result': False, 'data': ''};‡views.py‡post‡INFO‡59‡‡
2021-12-06-18:04:04‡Функция:`search`;Шаблон:`(\w+) ( \w+)`;Текст:`Привет мир`;Результат:{'result': False, 'data': ''};‡views.py‡post‡INFO‡59‡‡
2021-12-06-18:04:09‡Функция:`findall`;Шаблон:`(\w+) ( \w+)`;Текст:`Привет мир`;Результат:{'result': False, 'data': ''};‡views.py‡post‡INFO‡59‡‡
2021-12-06-18:04:15‡Функция:`findall`;Шаблон:`(\w+) \w+`;Текст:`Привет мир`;Результат:{'result': True, 'data': "['Привет']"};‡views.py‡post‡INFO‡59‡‡
2021-12-06-18:04:23‡Функция:`findall`;Шаблон:`\w+ \w+`;Текст:`Привет мир`;Результат:{'result': True, 'data': "['Привет мир']"};‡views.py‡post‡INFO‡59‡‡
2021-12-06-18:04:28‡Функция:`findall`;Шаблон:`\w+ (\w+)`;Текст:`Привет мир`;Результат:{'result': True, 'data': "['мир']"};‡views.py‡post‡INFO‡59‡‡
2021-12-06-18:04:33‡Функция:`findall`;Шаблон:`(\w+) (\w+)`;Текст:`Привет мир`;Результат:{'result': True, 'data': "[('Привет', 'мир')]"};‡views.py‡post‡INFO‡59‡‡
2021-12-06-18:09:17‡Функция:`findall`;Шаблон:`(\w+) (\w+)`;Текст:`Привет мир`;Результат:{'result': True, 'data': "[('Привет', 'мир')]"};‡views.py‡post‡INFO‡59‡‡
2021-12-06-18:09:34‡Функция:`findall`;Шаблон:`(\w+) (\w+)`;Текст:`Привет мир`;Результат:{'result': True, 'data': "[('Привет', 'мир')]"};‡views.py‡post‡INFO‡59‡‡
2021-12-06-18:09:42‡Функция:`findall`;Шаблон:`(\w+) (\w+)`;Текст:`Привет мир`;Результат:{'result': True, 'data': "[('Привет', 'мир')]"};‡views.py‡post‡INFO‡59‡‡
2021-12-06-18:09:52‡Функция:`findall`;Шаблон:`(\w+) (\w+)`;Текст:`Привет мир`;Результат:{'result': True, 'data': "[('Привет', 'мир')]"};‡views.py‡post‡INFO‡59‡‡
2021-12-06-18:10:21‡Функция:`findall`;Шаблон:`(\w+) (\w+)`;Текст:`Привет мир`;Результат:{'result': True, 'data': "[('Привет', 'мир')]"};‡views.py‡post‡INFO‡59‡‡
2021-12-06-18:10:42‡Функция:`findall`;Шаблон:`(\w+) (\w+)`;Текст:`Привет мир`;Результат:{'result': True, 'data': "[('Привет', 'мир')]"};‡views.py‡post‡INFO‡59‡‡
2021-12-06-18:11:25‡Функция:`findall`;Шаблон:`(\w+) (\w+)`;Текст:`Привет мир`;Результат:{'result': True, 'data': "[('Привет', 'мир')]"};‡views.py‡post‡INFO‡59‡‡
2021-12-06-18:11:58‡Функция:`findall`;Шаблон:`(\w+) (\w+)`;Текст:`Привет мир`;Результат:{'result': True, 'data': "[('Привет', 'мир')]"};‡views.py‡post‡INFO‡59‡‡
2021-12-06-18:12:09‡Функция:`findall`;Шаблон:`(\w+) (\w+)`;Текст:`Привет мир`;Результат:{'result': True, 'data': "[('Привет', 'мир')]"};‡views.py‡post‡INFO‡59‡‡
2021-12-06-18:12:24‡Функция:`findall`;Шаблон:`(\w+) (\w+)`;Текст:`Привет мир`;Результат:{'result': True, 'data': "[('Привет', 'мир')]"};‡views.py‡post‡INFO‡59‡‡
2021-12-06-18:12:33‡Функция:`findall`;Шаблон:`(\w+) (\w+)`;Текст:`Привет мир`;Результат:{'result': True, 'data': "[('Привет', 'мир')]"};‡views.py‡post‡INFO‡59‡‡
2021-12-06-18:13:00‡Функция:`findall`;Шаблон:`(\w+) (\w+)`;Текст:`Привет мир`;Результат:{'result': True, 'data': "[('Привет', 'мир')]"};‡views.py‡post‡INFO‡59‡‡
2021-12-06-18:13:15‡Функция:`findall`;Шаблон:`(\w+) (\w+)`;Текст:`Привет мир`;Результат:{'result': True, 'data': "[('Привет', 'мир')]"};‡views.py‡post‡INFO‡59‡‡
2021-12-06-18:13:34‡Функция:`findall`;Шаблон:`(\w+) (\w+)`;Текст:`Привет мир`;Результат:{'result': True, 'data': "[('Привет', 'мир')]"};‡views.py‡post‡INFO‡59‡‡
2021-12-06-18:13:38‡Функция:`findall`;Шаблон:`(\w+) (\w+)`;Текст:`Привет мир`;Результат:{'result': True, 'data': "[('Привет', 'мир')]"};‡views.py‡post‡INFO‡59‡‡
2021-12-06-18:14:28‡Функция:`findall`;Шаблон:`(\w+) (\w+)`;Текст:`Привет мир`;Результат:{'result': True, 'data': "[('Привет', 'мир')]"};‡views.py‡post‡INFO‡59‡‡
2021-12-06-18:22:56‡Функция:`sub`;Шаблон:``;Текст:``;Результат:{'result': False, 'data': ''};‡views.py‡post‡INFO‡59‡‡
2021-12-06-18:27:47‡Функция:`sub`;Шаблон:`выв`;Текст:``;Результат:{'result': False, 'data': ''};‡views.py‡post‡INFO‡59‡‡
2021-12-06-18:27:48‡Функция:`sub`;Шаблон:`выв`;Текст:``;Результат:{'result': False, 'data': ''};‡views.py‡post‡INFO‡59‡‡
2021-12-06-18:27:50‡Функция:`sub`;Шаблон:`выв`;Текст:``;Результат:{'result': False, 'data': ''};‡views.py‡post‡INFO‡59‡‡
2021-12-06-18:27:51‡Функция:`sub`;Шаблон:`выв`;Текст:``;Результат:{'result': False, 'data': ''};‡views.py‡post‡INFO‡59‡‡
2021-12-06-18:27:53‡Функция:`sub`;Шаблон:`выв`;Текст:``;Результат:{'result': False, 'data': ''};‡views.py‡post‡INFO‡59‡‡
2021-12-06-18:27:59‡Функция:`sub`;Шаблон:`выв`;Текст:`
`;Результат:{'result': True, 'data': '\n'};‡views.py‡post‡INFO‡59‡‡
2021-12-06-18:28:00‡Функция:`sub`;Шаблон:`выв`;Текст:`


`;Результат:{'result': True, 'data': '\n\n\n'};‡views.py‡post‡INFO‡59‡‡
2021-12-06-18:28:01‡Функция:`sub`;Шаблон:`выв`;Текст:`

`;Результат:{'result': True, 'data': '\n\n'};‡views.py‡post‡INFO‡59‡‡
2021-12-06-18:28:01‡Функция:`sub`;Шаблон:`выв`;Текст:`
`;Результат:{'result': True, 'data': '\n'};‡views.py‡post‡INFO‡59‡‡
2021-12-06-18:29:12‡Функция:`sub`;Шаблон:`выв`;Текст:`
`;Результат:{'result': True, 'data': '\n'};‡views.py‡post‡INFO‡59‡‡
2021-12-06-18:29:18‡Функция:`match`;Шаблон:`asd`;Текст:``;Результат:{'result': False, 'data': ''};‡views.py‡post‡INFO‡59‡‡
2021-12-06-18:29:33‡Функция:`sub`;Шаблон:`asd`;Текст:``;Текст для замены: `df`Результат:{'result': False, 'data': ''};‡views.py‡post‡INFO‡59‡‡
2021-12-06-18:29:37‡Функция:`sub`;Шаблон:`asd`;Текст:`
`;Текст для замены: `df`Результат:{'result': True, 'data': '\n'};‡views.py‡post‡INFO‡59‡‡
2021-12-06-18:30:15‡Функция:`sub`;Шаблон:`asd`;Текст:`
`;Текст для замены: `df`Результат:{'result': True, 'data': '\n'};‡views.py‡post‡INFO‡59‡‡
2021-12-06-18:32:12‡Функция:`sub`;Шаблон:`asd`;Текст:`
`;Текст для замены: `df`Результат:{'result': True, 'data': '\n'};‡views.py‡post‡INFO‡59‡‡
2021-12-06-18:32:16‡Функция:`sub`;Шаблон:`asd`;Текст:`
`;Текст для замены: `df`Результат:{'result': True, 'data': '\n'};‡views.py‡post‡INFO‡59‡‡
2021-12-06-18:32:26‡Функция:`sub`;Шаблон:`asd`;Текст:`
`;Текст для замены: `df`Результат:{'result': True, 'data': '\n'};‡views.py‡post‡INFO‡59‡‡
2021-12-06-18:32:51‡Функция:`sub`;Шаблон:`asd`;Текст:`
`;Текст для замены: `df`Результат:{'result': True, 'data': '\n'};‡views.py‡post‡INFO‡59‡‡
2021-12-06-18:34:20‡Функция:`sub`;Шаблон:`asd`;Текст:`
`;Текст для замены: `df`Результат:{'result': True, 'data': '\n'};‡views.py‡post‡INFO‡59‡‡
2021-12-06-18:35:01‡Функция:`sub`;Шаблон:`asd`;Текст:`
`;Текст для замены: `df`Результат:{'result': True, 'data': '\n'};‡views.py‡post‡INFO‡59‡‡
2021-12-06-18:35:06‡Функция:`sub`;Шаблон:`asd`;Текст:`
`;Текст для замены: `df`Результат:{'result': True, 'data': '\n'};‡views.py‡post‡INFO‡59‡‡
2021-12-06-18:35:09‡Функция:`sub`;Шаблон:`asd`;Текст:`
`;Текст для замены: `df`Результат:{'result': True, 'data': '\n'};‡views.py‡post‡INFO‡59‡‡
2021-12-06-18:35:13‡Функция:`sub`;Шаблон:`asd`;Текст:`
`;Текст для замены: `df`Результат:{'result': True, 'data': '\n'};‡views.py‡post‡INFO‡59‡‡
2021-12-06-18:52:00‡Функция:`match`;Шаблон:``;Текст:`			"employee1@mail.ru",
			"employee2@tut.by",
			"employee3@yandex.ru",
			"employee1@mydomain.by",
			"employee2@mydomain.by",
			"employee3@mydomain.by",`;Результат:{'result': False, 'data': ''};‡views.py‡post‡INFO‡59‡‡
2021-12-06-18:52:04‡Функция:`match`;Шаблон:``;Текст:`"employee1@mail.ru",
			"employee2@tut.by",
			"employee3@yandex.ru",
			"employee1@mydomain.by",
			"employee2@mydomain.by",
			"employee3@mydomain.by",`;Результат:{'result': False, 'data': ''};‡views.py‡post‡INFO‡59‡‡
2021-12-06-18:52:05‡Функция:`match`;Шаблон:``;Текст:`"employee1@mail.ru",
	"employee2@tut.by",
			"employee3@yandex.ru",
			"employee1@mydomain.by",
			"employee2@mydomain.by",
			"employee3@mydomain.by",`;Результат:{'result': False, 'data': ''};‡views.py‡post‡INFO‡59‡‡
2021-12-06-18:52:05‡Функция:`match`;Шаблон:``;Текст:`"employee1@mail.ru",
"employee2@tut.by",
			"employee3@yandex.ru",
			"employee1@mydomain.by",
			"employee2@mydomain.by",
			"employee3@mydomain.by",`;Результат:{'result': False, 'data': ''};‡views.py‡post‡INFO‡59‡‡
2021-12-06-18:52:06‡Функция:`match`;Шаблон:``;Текст:`"employee1@mail.ru",
"employee2@tut.by",
	"employee3@yandex.ru",
			"employee1@mydomain.by",
			"employee2@mydomain.by",
			"employee3@mydomain.by",`;Результат:{'result': False, 'data': ''};‡views.py‡post‡INFO‡59‡‡
2021-12-06-18:52:06‡Функция:`match`;Шаблон:``;Текст:`"employee1@mail.ru",
"employee2@tut.by",
"employee3@yandex.ru",
			"employee1@mydomain.by",
			"employee2@mydomain.by",
			"employee3@mydomain.by",`;Результат:{'result': False, 'data': ''};‡views.py‡post‡INFO‡59‡‡
2021-12-06-18:52:07‡Функция:`match`;Шаблон:``;Текст:`"employee1@mail.ru",
"employee2@tut.by",
"employee3@yandex.ru",
		"employee1@mydomain.by",
			"employee2@mydomain.by",
			"employee3@mydomain.by",`;Результат:{'result': False, 'data': ''};‡views.py‡post‡INFO‡59‡‡
2021-12-06-18:52:07‡Функция:`match`;Шаблон:``;Текст:`"employee1@mail.ru",
"employee2@tut.by",
"employee3@yandex.ru",
"employee1@mydomain.by",
			"employee2@mydomain.by",
			"employee3@mydomain.by",`;Результат:{'result': False, 'data': ''};‡views.py‡post‡INFO‡59‡‡
2021-12-06-18:52:08‡Функция:`match`;Шаблон:``;Текст:`"employee1@mail.ru",
"employee2@tut.by",
"employee3@yandex.ru",
"employee1@mydomain.by",
		"employee2@mydomain.by",
			"employee3@mydomain.by",`;Результат:{'result': False, 'data': ''};‡views.py‡post‡INFO‡59‡‡
2021-12-06-18:52:08‡Функция:`match`;Шаблон:``;Текст:`"employee1@mail.ru",
"employee2@tut.by",
"employee3@yandex.ru",
"employee1@mydomain.by",
"employee2@mydomain.by",
			"employee3@mydomain.by",`;Результат:{'result': False, 'data': ''};‡views.py‡post‡INFO‡59‡‡
2021-12-06-18:52:09‡Функция:`match`;Шаблон:``;Текст:`"employee1@mail.ru",
"employee2@tut.by",
"employee3@yandex.ru",
"employee1@mydomain.by",
"employee2@mydomain.by",
	"employee3@mydomain.by",`;Результат:{'result': False, 'data': ''};‡views.py‡post‡INFO‡59‡‡
2021-12-06-18:52:09‡Функция:`match`;Шаблон:``;Текст:`"employee1@mail.ru",
"employee2@tut.by",
"employee3@yandex.ru",
"employee1@mydomain.by",
"employee2@mydomain.by",
"employee3@mydomain.by",`;Результат:{'result': False, 'data': ''};‡views.py‡post‡INFO‡59‡‡
2021-12-06-18:52:10‡Функция:`match`;Шаблон:``;Текст:`"employee1@mail.ru",
"employee2@tut.by",
"employee3@yandex.ru",
"employee1@mydomain.by",
employee2@mydomain.by",
employee3@mydomain.by",`;Результат:{'result': False, 'data': ''};‡views.py‡post‡INFO‡59‡‡
2021-12-06-18:52:11‡Функция:`match`;Шаблон:``;Текст:`"employee1@mail.ru",
"employee2@tut.by",
employee3@yandex.ru",
employee1@mydomain.by",
employee2@mydomain.by",
employee3@mydomain.by",`;Результат:{'result': False, 'data': ''};‡views.py‡post‡INFO‡59‡‡
2021-12-06-18:52:11‡Функция:`match`;Шаблон:``;Текст:`"employee1@mail.ru",
employee2@tut.by",
employee3@yandex.ru",
employee1@mydomain.by",
employee2@mydomain.by",
employee3@mydomain.by",`;Результат:{'result': False, 'data': ''};‡views.py‡post‡INFO‡59‡‡
2021-12-06-18:52:12‡Функция:`match`;Шаблон:``;Текст:`employee1@mail.ru",
employee2@tut.by",
employee3@yandex.ru",
employee1@mydomain.by",
employee2@mydomain.by",
employee3@mydomain.by",`;Результат:{'result': False, 'data': ''};‡views.py‡post‡INFO‡59‡‡
2021-12-06-18:52:13‡Функция:`match`;Шаблон:``;Текст:`employee1@mail.ru"
employee2@tut.by",
employee3@yandex.ru",
employee1@mydomain.by",
employee2@mydomain.by",
employee3@mydomain.by",`;Результат:{'result': False, 'data': ''};‡views.py‡post‡INFO‡59‡‡
2021-12-06-18:52:14‡Функция:`match`;Шаблон:``;Текст:`employee1@mail.ru
employee2@tut.by",
employee3@yandex.ru",
employee1@mydomain.by",
employee2@mydomain.by",
employee3@mydomain.by",`;Результат:{'result': False, 'data': ''};‡views.py‡post‡INFO‡59‡‡
2021-12-06-18:52:14‡Функция:`match`;Шаблон:``;Текст:`employee1@mail.ru
employee2@tut.by
employee3@yandex.ru",
employee1@mydomain.by",
employee2@mydomain.by",
employee3@mydomain.by",`;Результат:{'result': False, 'data': ''};‡views.py‡post‡INFO‡59‡‡
2021-12-06-18:52:16‡Функция:`match`;Шаблон:``;Текст:`employee1@mail.ru
employee2@tut.by
employee3@yandex.ru
employee1@mydomain.by",
employee2@mydomain.by",
employee3@mydomain.by",`;Результат:{'result': False, 'data': ''};‡views.py‡post‡INFO‡59‡‡
2021-12-06-18:52:17‡Функция:`match`;Шаблон:``;Текст:`employee1@mail.ru
employee2@tut.by
employee3@yandex.ru
employee1@mydomain.by,
employee2@mydomain.by",
employee3@mydomain.by",`;Результат:{'result': False, 'data': ''};‡views.py‡post‡INFO‡59‡‡
2021-12-06-18:52:18‡Функция:`match`;Шаблон:``;Текст:`employee1@mail.ru
employee2@tut.by
employee3@yandex.ru
employee1@mydomain.by
employee2@mydomain.by",
employee3@mydomain.by",`;Результат:{'result': False, 'data': ''};‡views.py‡post‡INFO‡59‡‡
2021-12-06-18:52:19‡Функция:`match`;Шаблон:``;Текст:`employee1@mail.ru
employee2@tut.by
employee3@yandex.ru
employee1@mydomain.by
employee2@mydomain.by
employee3@mydomain.by",`;Результат:{'result': False, 'data': ''};‡views.py‡post‡INFO‡59‡‡
2021-12-06-18:52:20‡Функция:`match`;Шаблон:``;Текст:`employee1@mail.ru
employee2@tut.by
employee3@yandex.ru
employee1@mydomain.by
employee2@mydomain.by
employee3@mydomain.by,`;Результат:{'result': False, 'data': ''};‡views.py‡post‡INFO‡59‡‡
2021-12-06-18:52:21‡Функция:`match`;Шаблон:``;Текст:`employee1@mail.ru
employee2@tut.by
employee3@yandex.ru
employee1@mydomain.by
employee2@mydomain.by
employee3@mydomain.by`;Результат:{'result': False, 'data': ''};‡views.py‡post‡INFO‡59‡‡
2021-12-06-18:52:32‡Функция:`split`;Шаблон:`[@.]`;Текст:`employee1@mail.ru
employee2@tut.by
employee3@yandex.ru
employee1@mydomain.by
employee2@mydomain.by
employee3@mydomain.by`;Результат:{'result': True, 'data': "['employee1', 'mail', 'ru\\nemployee2', 'tut', 'by\\nemployee3', 'yandex', 'ru\\nemployee1', 'mydomain', 'by\\nemployee2', 'mydomain', 'by\\nemployee3', 'mydomain', 'by']"};‡views.py‡post‡INFO‡59‡‡
2021-12-06-18:52:40‡Функция:`split`;Шаблон:`[@.]\n`;Текст:`employee1@mail.ru
employee2@tut.by
employee3@yandex.ru
employee1@mydomain.by
employee2@mydomain.by
employee3@mydomain.by`;Результат:{'result': True, 'data': "['employee1@mail.ru\\nemployee2@tut.by\\nemployee3@yandex.ru\\nemployee1@mydomain.by\\nemployee2@mydomain.by\\nemployee3@mydomain.by']"};‡views.py‡post‡INFO‡59‡‡
2021-12-06-18:52:44‡Функция:`split`;Шаблон:`[@.]`;Текст:`employee1@mail.ru
employee2@tut.by
employee3@yandex.ru
employee1@mydomain.by
employee2@mydomain.by
employee3@mydomain.by`;Результат:{'result': True, 'data': "['employee1', 'mail', 'ru\\nemployee2', 'tut', 'by\\nemployee3', 'yandex', 'ru\\nemployee1', 'mydomain', 'by\\nemployee2', 'mydomain', 'by\\nemployee3', 'mydomain', 'by']"};‡views.py‡post‡INFO‡59‡‡
2021-12-06-18:52:48‡Функция:`split`;Шаблон:`[@.\n]`;Текст:`employee1@mail.ru
employee2@tut.by
employee3@yandex.ru
employee1@mydomain.by
employee2@mydomain.by
employee3@mydomain.by`;Результат:{'result': True, 'data': "['employee1', 'mail', 'ru', 'employee2', 'tut', 'by', 'employee3', 'yandex', 'ru', 'employee1', 'mydomain', 'by', 'employee2', 'mydomain', 'by', 'employee3', 'mydomain', 'by']"};‡views.py‡post‡INFO‡59‡‡
2021-12-06-18:52:55‡Функция:`split`;Шаблон:`([@.\n])`;Текст:`employee1@mail.ru
employee2@tut.by
employee3@yandex.ru
employee1@mydomain.by
employee2@mydomain.by
employee3@mydomain.by`;Результат:{'result': True, 'data': "['employee1', '@', 'mail', '.', 'ru', '\\n', 'employee2', '@', 'tut', '.', 'by', '\\n', 'employee3', '@', 'yandex', '.', 'ru', '\\n', 'employee1', '@', 'mydomain', '.', 'by', '\\n', 'employee2', '@', 'mydomain', '.', 'by', '\\n', 'employee3', '@', 'mydomain', '.', 'by']"};‡views.py‡post‡INFO‡59‡‡
2021-12-06-18:53:04‡Функция:`split`;Шаблон:`([@.]\n)`;Текст:`employee1@mail.ru
employee2@tut.by
employee3@yandex.ru
employee1@mydomain.by
employee2@mydomain.by
employee3@mydomain.by`;Результат:{'result': True, 'data': "['employee1@mail.ru\\nemployee2@tut.by\\nemployee3@yandex.ru\\nemployee1@mydomain.by\\nemployee2@mydomain.by\\nemployee3@mydomain.by']"};‡views.py‡post‡INFO‡59‡‡
2021-12-06-18:53:08‡Функция:`split`;Шаблон:`([@.] \n)`;Текст:`employee1@mail.ru
employee2@tut.by
employee3@yandex.ru
employee1@mydomain.by
employee2@mydomain.by
employee3@mydomain.by`;Результат:{'result': True, 'data': "['employee1@mail.ru\\nemployee2@tut.by\\nemployee3@yandex.ru\\nemployee1@mydomain.by\\nemployee2@mydomain.by\\nemployee3@mydomain.by']"};‡views.py‡post‡INFO‡59‡‡
2021-12-06-18:53:11‡Функция:`split`;Шаблон:`([@.]\n)`;Текст:`employee1@mail.ru
employee2@tut.by
employee3@yandex.ru
employee1@mydomain.by
employee2@mydomain.by
employee3@mydomain.by`;Результат:{'result': True, 'data': "['employee1@mail.ru\\nemployee2@tut.by\\nemployee3@yandex.ru\\nemployee1@mydomain.by\\nemployee2@mydomain.by\\nemployee3@mydomain.by']"};‡views.py‡post‡INFO‡59‡‡
2021-12-06-18:53:14‡Функция:`split`;Шаблон:`([@.])`;Текст:`employee1@mail.ru
employee2@tut.by
employee3@yandex.ru
employee1@mydomain.by
employee2@mydomain.by
employee3@mydomain.by`;Результат:{'result': True, 'data': "['employee1', '@', 'mail', '.', 'ru\\nemployee2', '@', 'tut', '.', 'by\\nemployee3', '@', 'yandex', '.', 'ru\\nemployee1', '@', 'mydomain', '.', 'by\\nemployee2', '@', 'mydomain', '.', 'by\\nemployee3', '@', 'mydomain', '.', 'by']"};‡views.py‡post‡INFO‡59‡‡
2021-12-06-18:53:21‡Функция:`split`;Шаблон:`[@.]`;Текст:`employee1@mail.ru
employee2@tut.by
employee3@yandex.ru
employee1@mydomain.by
employee2@mydomain.by
employee3@mydomain.by`;Результат:{'result': True, 'data': "['employee1', 'mail', 'ru\\nemployee2', 'tut', 'by\\nemployee3', 'yandex', 'ru\\nemployee1', 'mydomain', 'by\\nemployee2', 'mydomain', 'by\\nemployee3', 'mydomain', 'by']"};‡views.py‡post‡INFO‡59‡‡
2021-12-06-18:53:26‡Функция:`split`;Шаблон:`[@.\n]`;Текст:`employee1@mail.ru
employee2@tut.by
employee3@yandex.ru
employee1@mydomain.by
employee2@mydomain.by
employee3@mydomain.by`;Результат:{'result': True, 'data': "['employee1', 'mail', 'ru', 'employee2', 'tut', 'by', 'employee3', 'yandex', 'ru', 'employee1', 'mydomain', 'by', 'employee2', 'mydomain', 'by', 'employee3', 'mydomain', 'by']"};‡views.py‡post‡INFO‡59‡‡
2021-12-06-18:53:45‡Функция:`split`;Шаблон:`[@.][\n]`;Текст:`employee1@mail.ru
employee2@tut.by
employee3@yandex.ru
employee1@mydomain.by
employee2@mydomain.by
employee3@mydomain.by`;Результат:{'result': True, 'data': "['employee1@mail.ru\\nemployee2@tut.by\\nemployee3@yandex.ru\\nemployee1@mydomain.by\\nemployee2@mydomain.by\\nemployee3@mydomain.by']"};‡views.py‡post‡INFO‡59‡‡
2021-12-06-18:53:52‡Функция:`split`;Шаблон:`[@.\n]`;Текст:`employee1@mail.ru
employee2@tut.by
employee3@yandex.ru
employee1@mydomain.by
employee2@mydomain.by
employee3@mydomain.by`;Результат:{'result': True, 'data': "['employee1', 'mail', 'ru', 'employee2', 'tut', 'by', 'employee3', 'yandex', 'ru', 'employee1', 'mydomain', 'by', 'employee2', 'mydomain', 'by', 'employee3', 'mydomain', 'by']"};‡views.py‡post‡INFO‡59‡‡
2021-12-06-18:54:03‡Функция:`split`;Шаблон:`[@.]`;Текст:`employee1@mail.ru
employee2@tut.by
employee3@yandex.ru
employee1@mydomain.by
employee2@mydomain.by
employee3@mydomain.by`;Результат:{'result': True, 'data': "['employee1', 'mail', 'ru\\nemployee2', 'tut', 'by\\nemployee3', 'yandex', 'ru\\nemployee1', 'mydomain', 'by\\nemployee2', 'mydomain', 'by\\nemployee3', 'mydomain', 'by']"};‡views.py‡post‡INFO‡59‡‡
2021-12-06-18:54:08‡Функция:`split`;Шаблон:`([@.])`;Текст:`employee1@mail.ru
employee2@tut.by
employee3@yandex.ru
employee1@mydomain.by
employee2@mydomain.by
employee3@mydomain.by`;Результат:{'result': True, 'data': "['employee1', '@', 'mail', '.', 'ru\\nemployee2', '@', 'tut', '.', 'by\\nemployee3', '@', 'yandex', '.', 'ru\\nemployee1', '@', 'mydomain', '.', 'by\\nemployee2', '@', 'mydomain', '.', 'by\\nemployee3', '@', 'mydomain', '.', 'by']"};‡views.py‡post‡INFO‡59‡‡
2021-12-06-18:54:11‡Функция:`split`;Шаблон:`([@.]\n)`;Текст:`employee1@mail.ru
employee2@tut.by
employee3@yandex.ru
employee1@mydomain.by
employee2@mydomain.by
employee3@mydomain.by`;Результат:{'result': True, 'data': "['employee1@mail.ru\\nemployee2@tut.by\\nemployee3@yandex.ru\\nemployee1@mydomain.by\\nemployee2@mydomain.by\\nemployee3@mydomain.by']"};‡views.py‡post‡INFO‡59‡‡
2021-12-06-18:54:20‡Функция:`split`;Шаблон:`([@.\n])`;Текст:`employee1@mail.ru
employee2@tut.by
employee3@yandex.ru
employee1@mydomain.by
employee2@mydomain.by
employee3@mydomain.by`;Результат:{'result': True, 'data': "['employee1', '@', 'mail', '.', 'ru', '\\n', 'employee2', '@', 'tut', '.', 'by', '\\n', 'employee3', '@', 'yandex', '.', 'ru', '\\n', 'employee1', '@', 'mydomain', '.', 'by', '\\n', 'employee2', '@', 'mydomain', '.', 'by', '\\n', 'employee3', '@', 'mydomain', '.', 'by']"};‡views.py‡post‡INFO‡59‡‡
2021-12-06-18:54:32‡Функция:`split`;Шаблон:`([@.]+\n)`;Текст:`employee1@mail.ru
employee2@tut.by
employee3@yandex.ru
employee1@mydomain.by
employee2@mydomain.by
employee3@mydomain.by`;Результат:{'result': True, 'data': "['employee1@mail.ru\\nemployee2@tut.by\\nemployee3@yandex.ru\\nemployee1@mydomain.by\\nemployee2@mydomain.by\\nemployee3@mydomain.by']"};‡views.py‡post‡INFO‡59‡‡
2021-12-06-18:54:57‡Функция:`sub`;Шаблон:`mail|tut|yandex|mydomain`;Текст:`employee1@mail.ru
employee2@tut.by
employee3@yandex.ru
employee1@mydomain.by
employee2@mydomain.by
employee3@mydomain.by`;Текст для замены: `почта`Результат:{'result': True, 'data': 'employee1@почта.ru\nemployee2@почта.by\nemployee3@почта.ru\nemployee1@почта.by\nemployee2@почта.by\nemployee3@почта.by'};‡views.py‡post‡INFO‡59‡‡
